<?xml version="1.0" encoding="UTF-8"?>
<!-- Generated by org.testng.reporters.JUnitReportReporter -->
<testsuite hostname="inl-cc126152-1" name="com.nk.tests.SearchPageTest" tests="17" failures="0" timestamp="22 Aug 2015 08:52:58 GMT" time="253.710" errors="0">
  <testcase name="verifyRefineByIndustryPopUp" time="36.349" classname="com.nk.tests.SearchPageTest"/>
  <testcase name="verifySearchListingViewResults" time="4.190" classname="com.nk.tests.SearchPageTest"/>
  <testcase name="verifySearchByExperienceField" time="37.379" classname="com.nk.tests.SearchPageTest"/>
  <testcase name="verifyRefineByEducation" time="25.944" classname="com.nk.tests.SearchPageTest"/>
  <testcase name="verifySearchResultsSection" time="0.306" classname="com.nk.tests.SearchPageTest"/>
  <testcase name="verifySearchBySkill" time="14.456" classname="com.nk.tests.SearchPageTest"/>
  <testcase name="verifySearchDetailedViewResults" time="4.083" classname="com.nk.tests.SearchPageTest"/>
  <testcase name="verifySearchByLocationField" time="16.922" classname="com.nk.tests.SearchPageTest"/>
  <testcase name="verifyRefineByIndustryType" time="22.241" classname="com.nk.tests.SearchPageTest"/>
  <testcase name="verifyRefineResultsSection" time="0.278" classname="com.nk.tests.SearchPageTest"/>
  <testcase name="verifySearchByLocationSection" time="13.245" classname="com.nk.tests.SearchPageTest"/>
  <testcase name="verifyRefineByFreshness" time="14.973" classname="com.nk.tests.SearchPageTest"/>
  <testcase name="verifySearchSection" time="0.369" classname="com.nk.tests.SearchPageTest"/>
  <testcase name="verifySearchResultsPage" time="1.584" classname="com.nk.tests.SearchPageTest"/>
  <testcase name="verifyRefineByEducationPopUp" time="31.912" classname="com.nk.tests.SearchPageTest"/>
  <testcase name="verifyRefineByLocationPopUp" time="29.028" classname="com.nk.tests.SearchPageTest"/>
  <testcase name="popUpClose" time="0.451" classname="com.nk.tests.SearchPageTest"/>
</testsuite> <!-- com.nk.tests.SearchPageTest -->
