<?xml version="1.0" encoding="UTF-8"?>
<!-- Generated by org.testng.reporters.JUnitReportReporter -->
<testsuite hostname="inl-cc126152-1" name="com.nk.tests.RegisterPageTest" tests="9" failures="0" timestamp="22 Aug 2015 08:52:58 GMT" time="117.016" errors="0">
  <testcase name="verifyCompleteMyProfile" time="4.545" classname="com.nk.tests.RegisterPageTest"/>
  <testcase name="verifyRegistrationPage" time="8.917" classname="com.nk.tests.RegisterPageTest"/>
  <testcase name="verifyYourContactInformation" time="10.193" classname="com.nk.tests.RegisterPageTest"/>
  <testcase name="verifyEducationDetails" time="16.635" classname="com.nk.tests.RegisterPageTest"/>
  <testcase name="verifyCreateLoginDetails" time="25.216" classname="com.nk.tests.RegisterPageTest"/>
  <testcase name="verifyCreateYourJobAlert" time="18.476" classname="com.nk.tests.RegisterPageTest"/>
  <testcase name="verifyYourCurrentEmploymentDetails" time="28.988" classname="com.nk.tests.RegisterPageTest"/>
  <testcase name="popUpClose" time="0.519" classname="com.nk.tests.RegisterPageTest"/>
  <testcase name="verifyCompleteMyProfilePage" time="3.527" classname="com.nk.tests.RegisterPageTest"/>
</testsuite> <!-- com.nk.tests.RegisterPageTest -->
